Simulator report for next
Wed Sep 09 13:43:33 2020
Quartus II Version 9.1 Build 350 03/24/2010 Service Pack 2 SJ Web Edition


---------------------
; Table of Contents ;
---------------------
  1. Legal Notice
  2. Simulator Summary
  3. Simulator Settings
  4. Simulation Waveforms
  5. Simulation Signal Activity
  6. Coverage Summary
  7. Complete 1/0-Value Coverage
  8. Missing 1-Value Coverage
  9. Missing 0-Value Coverage
 10. Simulator INI Usage
 11. Simulator Messages



----------------
; Legal Notice ;
----------------
Copyright (C) 1991-2010 Altera Corporation
Your use of Altera Corporation's design tools, logic functions 
and other software and tools, and its AMPP partner logic 
functions, and any output files from any of the foregoing 
(including device programming or simulation files), and any 
associated documentation or information are expressly subject 
to the terms and conditions of the Altera Program License 
Subscription Agreement, Altera MegaCore Function License 
Agreement, or other applicable license agreement, including, 
without limitation, that your use is for the sole purpose of 
programming logic devices manufactured by Altera and sold by 
Altera or its authorized distributors.  Please refer to the 
applicable agreement for further details.



+--------------------------------------------+
; Simulator Summary                          ;
+-----------------------------+--------------+
; Type                        ; Value        ;
+-----------------------------+--------------+
; Simulation Start Time       ; 0 ps         ;
; Simulation End Time         ; 1.0 us       ;
; Simulation Netlist Size     ; 25 nodes     ;
; Simulation Coverage         ;       0.00 % ;
; Total Number of Transitions ; 0            ;
; Simulation Breakpoints      ; 0            ;
; Family                      ; Stratix II   ;
+-----------------------------+--------------+


+-------------------------------------------------------------------------------------------------------------------------+
; Simulator Settings                                                                                                      ;
+--------------------------------------------------------------------------------------------+------------+---------------+
; Option                                                                                     ; Setting    ; Default Value ;
+--------------------------------------------------------------------------------------------+------------+---------------+
; Simulation mode                                                                            ; Functional ; Timing        ;
; Start time                                                                                 ; 0 ns       ; 0 ns          ;
; Simulation results format                                                                  ; CVWF       ;               ;
; Vector input source                                                                        ; next.qpf   ;               ;
; Add pins automatically to simulation output waveforms                                      ; On         ; On            ;
; Check outputs                                                                              ; Off        ; Off           ;
; Report simulation coverage                                                                 ; On         ; On            ;
; Display complete 1/0 value coverage report                                                 ; On         ; On            ;
; Display missing 1-value coverage report                                                    ; On         ; On            ;
; Display missing 0-value coverage report                                                    ; On         ; On            ;
; Detect setup and hold time violations                                                      ; Off        ; Off           ;
; Detect glitches                                                                            ; Off        ; Off           ;
; Disable timing delays in Timing Simulation                                                 ; Off        ; Off           ;
; Generate Signal Activity File                                                              ; On         ; Off           ;
; Signal Activity File output destination                                                    ; next.saf   ;               ;
; Generate VCD File for PowerPlay Power Analyzer                                             ; Off        ; Off           ;
; Group bus channels in simulation results                                                   ; Off        ; Off           ;
; Preserve fewer signal transitions to reduce memory requirements                            ; On         ; On            ;
; Trigger vector comparison with the specified mode                                          ; INPUT_EDGE ; INPUT_EDGE    ;
; Disable setup and hold time violations detection in input registers of bi-directional pins ; Off        ; Off           ;
; Overwrite Waveform Inputs With Simulation Outputs                                          ; Off        ;               ;
; Perform Glitch Filtering in Timing Simulation                                              ; Auto       ; Auto          ;
+--------------------------------------------------------------------------------------------+------------+---------------+


+----------------------+
; Simulation Waveforms ;
+----------------------+
Waveform report data cannot be output to ASCII.
Please use Quartus II to view the waveform report data.


Start time : 0 ps
End time : 1.0 us
Time duration : 1.0 us

+---------------------------------------------------------------------------------------------------------------------+
; Simulation Signal Activity                                                                                          ;
+--------------+------------------+------------------+--------------+--------------------+----------------------------+
; Node Name    ; Output Port Name ; Output Port Type ; Toggle Count ; VCC Value Duration ; X (Unknown) Value Duration ;
+--------------+------------------+------------------+--------------+--------------------+----------------------------+
; |next|C      ; |next|C          ; pin_out          ;        0.0   ; 1.0 us             ; 0 ps                       ;
; |next|inst3  ; |next|inst3      ; out0             ;        0.0   ; 1.0 us             ; 0 ps                       ;
; |next|inst22 ; |next|inst22     ; out0             ;        0.0   ; 0 ps               ; 0 ps                       ;
; |next|A0     ; |next|A0         ; out              ;        0.0   ; 0 ps               ; 0 ps                       ;
; |next|B0     ; |next|B0         ; out              ;        0.0   ; 0 ps               ; 0 ps                       ;
; |next|inst24 ; |next|inst24     ; out0             ;        0.0   ; 0 ps               ; 0 ps                       ;
; |next|A1     ; |next|A1         ; out              ;        0.0   ; 0 ps               ; 0 ps                       ;
; |next|B1     ; |next|B1         ; out              ;        0.0   ; 0 ps               ; 0 ps                       ;
; |next|inst26 ; |next|inst26     ; out0             ;        0.0   ; 0 ps               ; 0 ps                       ;
; |next|A2     ; |next|A2         ; out              ;        0.0   ; 0 ps               ; 0 ps                       ;
; |next|B2     ; |next|B2         ; out              ;        0.0   ; 0 ps               ; 0 ps                       ;
; |next|inst28 ; |next|inst28     ; out0             ;        0.0   ; 0 ps               ; 0 ps                       ;
; |next|A3     ; |next|A3         ; out              ;        0.0   ; 0 ps               ; 0 ps                       ;
; |next|B3     ; |next|B3         ; out              ;        0.0   ; 0 ps               ; 0 ps                       ;
; |next|D      ; |next|D          ; pin_out          ;        0.0   ; 0 ps               ; 0 ps                       ;
; |next|inst13 ; |next|inst13     ; out0             ;        0.0   ; 1.0 us             ; 0 ps                       ;
; |next|inst32 ; |next|inst32     ; out0             ;        0.0   ; 0 ps               ; 0 ps                       ;
; |next|inst5  ; |next|inst5      ; out0             ;        0.0   ; 0 ps               ; 0 ps                       ;
; |next|inst9  ; |next|inst9      ; out0             ;        0.0   ; 0 ps               ; 0 ps                       ;
; |next|inst31 ; |next|inst31     ; out0             ;        0.0   ; 0 ps               ; 0 ps                       ;
; |next|inst11 ; |next|inst11     ; out0             ;        0.0   ; 0 ps               ; 0 ps                       ;
; |next|inst12 ; |next|inst12     ; out0             ;        0.0   ; 0 ps               ; 0 ps                       ;
; |next|inst30 ; |next|inst30     ; out0             ;        0.0   ; 0 ps               ; 0 ps                       ;
; |next|inst10 ; |next|inst10     ; out0             ;        0.0   ; 0 ps               ; 0 ps                       ;
; |next|E      ; |next|E          ; pin_out          ;        0.0   ; 0 ps               ; 0 ps                       ;
+--------------+------------------+------------------+--------------+--------------------+----------------------------+


+--------------------------------------------------------------------+
; Coverage Summary                                                   ;
+-----------------------------------------------------+--------------+
; Type                                                ; Value        ;
+-----------------------------------------------------+--------------+
; Total coverage as a percentage                      ;       0.00 % ;
; Total nodes checked                                 ; 25           ;
; Total output ports checked                          ; 25           ;
; Total output ports with complete 1/0-value coverage ; 0            ;
; Total output ports with no 1/0-value coverage       ; 25           ;
; Total output ports with no 1-value coverage         ; 25           ;
; Total output ports with no 0-value coverage         ; 25           ;
+-----------------------------------------------------+--------------+


The following table displays output ports that toggle between 1 and 0 during simulation.
+-------------------------------------------------+
; Complete 1/0-Value Coverage                     ;
+-----------+------------------+------------------+
; Node Name ; Output Port Name ; Output Port Type ;
+-----------+------------------+------------------+


The following table displays output ports that do not toggle to 1 during simulation.
+----------------------------------------------------+
; Missing 1-Value Coverage                           ;
+--------------+------------------+------------------+
; Node Name    ; Output Port Name ; Output Port Type ;
+--------------+------------------+------------------+
; |next|C      ; |next|C          ; pin_out          ;
; |next|inst3  ; |next|inst3      ; out0             ;
; |next|inst22 ; |next|inst22     ; out0             ;
; |next|A0     ; |next|A0         ; out              ;
; |next|B0     ; |next|B0         ; out              ;
; |next|inst24 ; |next|inst24     ; out0             ;
; |next|A1     ; |next|A1         ; out              ;
; |next|B1     ; |next|B1         ; out              ;
; |next|inst26 ; |next|inst26     ; out0             ;
; |next|A2     ; |next|A2         ; out              ;
; |next|B2     ; |next|B2         ; out              ;
; |next|inst28 ; |next|inst28     ; out0             ;
; |next|A3     ; |next|A3         ; out              ;
; |next|B3     ; |next|B3         ; out              ;
; |next|D      ; |next|D          ; pin_out          ;
; |next|inst13 ; |next|inst13     ; out0             ;
; |next|inst32 ; |next|inst32     ; out0             ;
; |next|inst5  ; |next|inst5      ; out0             ;
; |next|inst9  ; |next|inst9      ; out0             ;
; |next|inst31 ; |next|inst31     ; out0             ;
; |next|inst11 ; |next|inst11     ; out0             ;
; |next|inst12 ; |next|inst12     ; out0             ;
; |next|inst30 ; |next|inst30     ; out0             ;
; |next|inst10 ; |next|inst10     ; out0             ;
; |next|E      ; |next|E          ; pin_out          ;
+--------------+------------------+------------------+


The following table displays output ports that do not toggle to 0 during simulation.
+----------------------------------------------------+
; Missing 0-Value Coverage                           ;
+--------------+------------------+------------------+
; Node Name    ; Output Port Name ; Output Port Type ;
+--------------+------------------+------------------+
; |next|C      ; |next|C          ; pin_out          ;
; |next|inst3  ; |next|inst3      ; out0             ;
; |next|inst22 ; |next|inst22     ; out0             ;
; |next|A0     ; |next|A0         ; out              ;
; |next|B0     ; |next|B0         ; out              ;
; |next|inst24 ; |next|inst24     ; out0             ;
; |next|A1     ; |next|A1         ; out              ;
; |next|B1     ; |next|B1         ; out              ;
; |next|inst26 ; |next|inst26     ; out0             ;
; |next|A2     ; |next|A2         ; out              ;
; |next|B2     ; |next|B2         ; out              ;
; |next|inst28 ; |next|inst28     ; out0             ;
; |next|A3     ; |next|A3         ; out              ;
; |next|B3     ; |next|B3         ; out              ;
; |next|D      ; |next|D          ; pin_out          ;
; |next|inst13 ; |next|inst13     ; out0             ;
; |next|inst32 ; |next|inst32     ; out0             ;
; |next|inst5  ; |next|inst5      ; out0             ;
; |next|inst9  ; |next|inst9      ; out0             ;
; |next|inst31 ; |next|inst31     ; out0             ;
; |next|inst11 ; |next|inst11     ; out0             ;
; |next|inst12 ; |next|inst12     ; out0             ;
; |next|inst30 ; |next|inst30     ; out0             ;
; |next|inst10 ; |next|inst10     ; out0             ;
; |next|E      ; |next|E          ; pin_out          ;
+--------------+------------------+------------------+


+---------------------+
; Simulator INI Usage ;
+--------+------------+
; Option ; Usage      ;
+--------+------------+


+--------------------+
; Simulator Messages ;
+--------------------+
Info: *******************************************************************
Info: Running Quartus II Simulator
    Info: Version 9.1 Build 350 03/24/2010 Service Pack 2 SJ Web Edition
    Info: Processing started: Wed Sep 09 13:43:32 2020
Info: Command: quartus_sim --read_settings_files=on --write_settings_files=off next -c next
Warning: Invalid vector source file type specified
Info: Using vector source file "C:/Users/mipro/Desktop/SIFO/next/next.vwf"
Info: Option to preserve fewer signal transitions to reduce memory requirements is enabled
    Info: Simulation has been partitioned into sub-simulations according to the maximum transition count determined by the engine. Transitions from memory will be flushed out to disk at the end of each sub-simulation to reduce memory requirements.
Info: Simulation partitioned into 1 sub-simulations
Info: Created Signal Activity File C:/Users/mipro/Desktop/SIFO/next/next.saf
Info: Simulation coverage is       0.00 %
Info: Number of transitions in simulation is 0
Info: Quartus II Simulator was successful. 0 errors, 1 warning
    Info: Peak virtual memory: 158 megabytes
    Info: Processing ended: Wed Sep 09 13:43:33 2020
    Info: Elapsed time: 00:00:01
    Info: Total CPU time (on all processors): 00:00:00


