Analysis & Synthesis report for lab_2
Tue Sep 29 15:00:48 2020
Quartus II Version 9.1 Build 350 03/24/2010 Service Pack 2 SJ Web Edition


---------------------
; Table of Contents ;
---------------------
  1. Legal Notice
  2. Analysis & Synthesis Summary
  3. Analysis & Synthesis Settings
  4. Parallel Compilation
  5. Analysis & Synthesis Source Files Read
  6. Analysis & Synthesis Resource Usage Summary
  7. Analysis & Synthesis Resource Utilization by Entity
  8. General Register Statistics
  9. Source assignments for block1:inst|lpm_counter5:inst|lpm_counter:lpm_counter_component
 10. Source assignments for block2:inst3|lpm_counter8:inst14|lpm_counter:lpm_counter_component
 11. Source assignments for block2:inst3|lpm_counter9:inst15|lpm_counter:lpm_counter_component
 12. Source assignments for block3t:inst4|lpm_counter0:inst2|lpm_counter:lpm_counter_component
 13. Parameter Settings for User Entity Instance: block1:inst|lpm_counter5:inst|lpm_counter:lpm_counter_component
 14. Parameter Settings for User Entity Instance: block2:inst3|lpm_counter8:inst14|lpm_counter:lpm_counter_component
 15. Parameter Settings for User Entity Instance: block2:inst3|lpm_counter9:inst15|lpm_counter:lpm_counter_component
 16. Parameter Settings for User Entity Instance: block3t:inst4|lpm_decode0:inst3|lpm_decode:lpm_decode_component
 17. Parameter Settings for User Entity Instance: block3t:inst4|lpm_counter0:inst2|lpm_counter:lpm_counter_component
 18. Analysis & Synthesis Messages



----------------
; Legal Notice ;
----------------
Copyright (C) 1991-2010 Altera Corporation
Your use of Altera Corporation's design tools, logic functions 
and other software and tools, and its AMPP partner logic 
functions, and any output files from any of the foregoing 
(including device programming or simulation files), and any 
associated documentation or information are expressly subject 
to the terms and conditions of the Altera Program License 
Subscription Agreement, Altera MegaCore Function License 
Agreement, or other applicable license agreement, including, 
without limitation, that your use is for the sole purpose of 
programming logic devices manufactured by Altera and sold by 
Altera or its authorized distributors.  Please refer to the 
applicable agreement for further details.



+------------------------------------------------------------------------------+
; Analysis & Synthesis Summary                                                 ;
+-------------------------------+----------------------------------------------+
; Analysis & Synthesis Status   ; Successful - Tue Sep 29 15:00:48 2020        ;
; Quartus II Version            ; 9.1 Build 350 03/24/2010 SP 2 SJ Web Edition ;
; Revision Name                 ; lab_2                                        ;
; Top-level Entity Name         ; result                                       ;
; Family                        ; Stratix II                                   ;
; Logic utilization             ; N/A                                          ;
;     Combinational ALUTs       ; 33                                           ;
;     Dedicated logic registers ; 13                                           ;
; Total registers               ; 13                                           ;
; Total pins                    ; 19                                           ;
; Total virtual pins            ; 0                                            ;
; Total block memory bits       ; 0                                            ;
; DSP block 9-bit elements      ; 0                                            ;
; Total PLLs                    ; 0                                            ;
; Total DLLs                    ; 0                                            ;
+-------------------------------+----------------------------------------------+


+----------------------------------------------------------------------------------------------------------------------+
; Analysis & Synthesis Settings                                                                                        ;
+----------------------------------------------------------------------------+--------------------+--------------------+
; Option                                                                     ; Setting            ; Default Value      ;
+----------------------------------------------------------------------------+--------------------+--------------------+
; Top-level entity name                                                      ; result             ; lab_2              ;
; Family name                                                                ; Stratix II         ; Stratix II         ;
; Use Generated Physical Constraints File                                    ; Off                ;                    ;
; Use smart compilation                                                      ; Off                ; Off                ;
; Enable parallel Assembler and TimeQuest Timing Analyzer during compilation ; On                 ; On                 ;
; Enable compact report table                                                ; Off                ; Off                ;
; Restructure Multiplexers                                                   ; Auto               ; Auto               ;
; Create Debugging Nodes for IP Cores                                        ; Off                ; Off                ;
; Preserve fewer node names                                                  ; On                 ; On                 ;
; Disable OpenCore Plus hardware evaluation                                  ; Off                ; Off                ;
; Verilog Version                                                            ; Verilog_2001       ; Verilog_2001       ;
; VHDL Version                                                               ; VHDL_1993          ; VHDL_1993          ;
; State Machine Processing                                                   ; Auto               ; Auto               ;
; Safe State Machine                                                         ; Off                ; Off                ;
; Extract Verilog State Machines                                             ; On                 ; On                 ;
; Extract VHDL State Machines                                                ; On                 ; On                 ;
; Ignore Verilog initial constructs                                          ; Off                ; Off                ;
; Iteration limit for constant Verilog loops                                 ; 5000               ; 5000               ;
; Iteration limit for non-constant Verilog loops                             ; 250                ; 250                ;
; Add Pass-Through Logic to Inferred RAMs                                    ; On                 ; On                 ;
; Parallel Synthesis                                                         ; On                 ; On                 ;
; DSP Block Balancing                                                        ; Auto               ; Auto               ;
; NOT Gate Push-Back                                                         ; On                 ; On                 ;
; Power-Up Don't Care                                                        ; On                 ; On                 ;
; Remove Redundant Logic Cells                                               ; Off                ; Off                ;
; Remove Duplicate Registers                                                 ; On                 ; On                 ;
; Ignore CARRY Buffers                                                       ; Off                ; Off                ;
; Ignore CASCADE Buffers                                                     ; Off                ; Off                ;
; Ignore GLOBAL Buffers                                                      ; Off                ; Off                ;
; Ignore ROW GLOBAL Buffers                                                  ; Off                ; Off                ;
; Ignore LCELL Buffers                                                       ; Off                ; Off                ;
; Ignore SOFT Buffers                                                        ; On                 ; On                 ;
; Limit AHDL Integers to 32 Bits                                             ; Off                ; Off                ;
; Optimization Technique                                                     ; Balanced           ; Balanced           ;
; Carry Chain Length                                                         ; 70                 ; 70                 ;
; Auto Carry Chains                                                          ; On                 ; On                 ;
; Auto Open-Drain Pins                                                       ; On                 ; On                 ;
; Perform WYSIWYG Primitive Resynthesis                                      ; Off                ; Off                ;
; Auto ROM Replacement                                                       ; On                 ; On                 ;
; Auto RAM Replacement                                                       ; On                 ; On                 ;
; Auto DSP Block Replacement                                                 ; On                 ; On                 ;
; Auto Shift Register Replacement                                            ; Auto               ; Auto               ;
; Auto Clock Enable Replacement                                              ; On                 ; On                 ;
; Strict RAM Replacement                                                     ; Off                ; Off                ;
; Allow Synchronous Control Signals                                          ; On                 ; On                 ;
; Force Use of Synchronous Clear Signals                                     ; Off                ; Off                ;
; Auto RAM Block Balancing                                                   ; On                 ; On                 ;
; Auto RAM to Logic Cell Conversion                                          ; Off                ; Off                ;
; Auto Resource Sharing                                                      ; Off                ; Off                ;
; Allow Any RAM Size For Recognition                                         ; Off                ; Off                ;
; Allow Any ROM Size For Recognition                                         ; Off                ; Off                ;
; Allow Any Shift Register Size For Recognition                              ; Off                ; Off                ;
; Use LogicLock Constraints during Resource Balancing                        ; On                 ; On                 ;
; Ignore translate_off and synthesis_off directives                          ; Off                ; Off                ;
; Timing-Driven Synthesis                                                    ; Off                ; Off                ;
; Show Parameter Settings Tables in Synthesis Report                         ; On                 ; On                 ;
; Ignore Maximum Fan-Out Assignments                                         ; Off                ; Off                ;
; Synchronization Register Chain Length                                      ; 2                  ; 2                  ;
; PowerPlay Power Optimization                                               ; Normal compilation ; Normal compilation ;
; HDL message level                                                          ; Level2             ; Level2             ;
; Suppress Register Optimization Related Messages                            ; Off                ; Off                ;
; Number of Removed Registers Reported in Synthesis Report                   ; 5000               ; 5000               ;
; Number of Inverted Registers Reported in Synthesis Report                  ; 100                ; 100                ;
; Clock MUX Protection                                                       ; On                 ; On                 ;
; Auto Gated Clock Conversion                                                ; Off                ; Off                ;
; Block Design Naming                                                        ; Auto               ; Auto               ;
; SDC constraint protection                                                  ; Off                ; Off                ;
; Synthesis Effort                                                           ; Auto               ; Auto               ;
; Shift Register Replacement - Allow Asynchronous Clear Signal               ; On                 ; On                 ;
; Analysis & Synthesis Message Level                                         ; Medium             ; Medium             ;
; Disable Register Merging Across Hierarchies                                ; Auto               ; Auto               ;
; Resource Aware Inference For Block RAM                                     ; On                 ; On                 ;
+----------------------------------------------------------------------------+--------------------+--------------------+


Parallel compilation was disabled, but you have multiple processors available. Enable parallel compilation to reduce compilation time.
+-------------------------------------+
; Parallel Compilation                ;
+----------------------------+--------+
; Processors                 ; Number ;
+----------------------------+--------+
; Number detected on machine ; 4      ;
; Maximum allowed            ; 1      ;
+----------------------------+--------+


+-----------------------------------------------------------------------------------------------------------------------------------------------------------+
; Analysis & Synthesis Source Files Read                                                                                                                    ;
+----------------------------------+-----------------+------------------------------------+-----------------------------------------------------------------+
; File Name with User-Entered Path ; Used in Netlist ; File Type                          ; File Name with Absolute Path                                    ;
+----------------------------------+-----------------+------------------------------------+-----------------------------------------------------------------+
; block1.bdf                       ; yes             ; User Block Diagram/Schematic File  ; C:/Users/mipro/Desktop/labs5thSem/SIFO/lab_2/block1.bdf         ;
; lpm_counter0.vhd                 ; yes             ; User Wizard-Generated File         ; C:/Users/mipro/Desktop/labs5thSem/SIFO/lab_2/lpm_counter0.vhd   ;
; lpm_counter5.vhd                 ; yes             ; User Wizard-Generated File         ; C:/Users/mipro/Desktop/labs5thSem/SIFO/lab_2/lpm_counter5.vhd   ;
; block2.bdf                       ; yes             ; User Block Diagram/Schematic File  ; C:/Users/mipro/Desktop/labs5thSem/SIFO/lab_2/block2.bdf         ;
; lpm_counter8.vhd                 ; yes             ; User Wizard-Generated File         ; C:/Users/mipro/Desktop/labs5thSem/SIFO/lab_2/lpm_counter8.vhd   ;
; lpm_counter9.vhd                 ; yes             ; User Wizard-Generated File         ; C:/Users/mipro/Desktop/labs5thSem/SIFO/lab_2/lpm_counter9.vhd   ;
; result.bdf                       ; yes             ; User Block Diagram/Schematic File  ; C:/Users/mipro/Desktop/labs5thSem/SIFO/lab_2/result.bdf         ;
; lpm_decode0.vhd                  ; yes             ; User Wizard-Generated File         ; C:/Users/mipro/Desktop/labs5thSem/SIFO/lab_2/lpm_decode0.vhd    ;
; block3t.bdf                      ; yes             ; User Block Diagram/Schematic File  ; C:/Users/mipro/Desktop/labs5thSem/SIFO/lab_2/block3t.bdf        ;
; lpm_counter.tdf                  ; yes             ; Megafunction                       ; c:/altera/91sp2/quartus/libraries/megafunctions/lpm_counter.tdf ;
; db/cntr_d4i.tdf                  ; yes             ; Auto-Generated Megafunction        ; C:/Users/mipro/Desktop/labs5thSem/SIFO/lab_2/db/cntr_d4i.tdf    ;
; db/cntr_cvi.tdf                  ; yes             ; Auto-Generated Megafunction        ; C:/Users/mipro/Desktop/labs5thSem/SIFO/lab_2/db/cntr_cvi.tdf    ;
; db/cntr_poi.tdf                  ; yes             ; Auto-Generated Megafunction        ; C:/Users/mipro/Desktop/labs5thSem/SIFO/lab_2/db/cntr_poi.tdf    ;
; lpm_decode.tdf                   ; yes             ; Megafunction                       ; c:/altera/91sp2/quartus/libraries/megafunctions/lpm_decode.tdf  ;
; db/decode_e9f.tdf                ; yes             ; Auto-Generated Megafunction        ; C:/Users/mipro/Desktop/labs5thSem/SIFO/lab_2/db/decode_e9f.tdf  ;
; db/cntr_dsh.tdf                  ; yes             ; Auto-Generated Megafunction        ; C:/Users/mipro/Desktop/labs5thSem/SIFO/lab_2/db/cntr_dsh.tdf    ;
+----------------------------------+-----------------+------------------------------------+-----------------------------------------------------------------+


+---------------------------------------------------------------------+
; Analysis & Synthesis Resource Usage Summary                         ;
+-----------------------------------------------+---------------------+
; Resource                                      ; Usage               ;
+-----------------------------------------------+---------------------+
; Estimated ALUTs Used                          ; 33                  ;
; Dedicated logic registers                     ; 13                  ;
;                                               ;                     ;
; Estimated ALUTs Unavailable                   ; 2                   ;
;                                               ;                     ;
; Total combinational functions                 ; 33                  ;
; Combinational ALUT usage by number of inputs  ;                     ;
;     -- 7 input functions                      ; 0                   ;
;     -- 6 input functions                      ; 2                   ;
;     -- 5 input functions                      ; 16                  ;
;     -- 4 input functions                      ; 0                   ;
;     -- <=3 input functions                    ; 15                  ;
;                                               ;                     ;
; Combinational ALUTs by mode                   ;                     ;
;     -- normal mode                            ; 20                  ;
;     -- extended LUT mode                      ; 0                   ;
;     -- arithmetic mode                        ; 13                  ;
;     -- shared arithmetic mode                 ; 0                   ;
;                                               ;                     ;
; Estimated ALUT/register pairs used            ; 35                  ;
;                                               ;                     ;
; Total registers                               ; 13                  ;
;     -- Dedicated logic registers              ; 13                  ;
;     -- I/O registers                          ; 0                   ;
;                                               ;                     ;
; Estimated ALMs:  partially or completely used ; 18                  ;
;                                               ;                     ;
; I/O pins                                      ; 19                  ;
; Maximum fan-out node                          ; block2:inst3|inst18 ;
; Maximum fan-out                               ; 24                  ;
; Total fan-out                                 ; 178                 ;
; Average fan-out                               ; 2.74                ;
+-----------------------------------------------+---------------------+


+------------------------------------------------------------------------------------------------------------------------------------------------------------------------------------------------------------------------------------------------------------------------------------------------+
; Analysis & Synthesis Resource Utilization by Entity                                                                                                                                                                                                                                            ;
+----------------------------------------------+-------------------+--------------+-------------------+--------------+---------+-----------+-----------+------+--------------+----------------------------------------------------------------------------------------------------+--------------+
; Compilation Hierarchy Node                   ; LC Combinationals ; LC Registers ; Block Memory Bits ; DSP Elements ; DSP 9x9 ; DSP 18x18 ; DSP 36x36 ; Pins ; Virtual Pins ; Full Hierarchy Name                                                                                ; Library Name ;
+----------------------------------------------+-------------------+--------------+-------------------+--------------+---------+-----------+-----------+------+--------------+----------------------------------------------------------------------------------------------------+--------------+
; |result                                      ; 33 (0)            ; 13 (0)       ; 0                 ; 0            ; 0       ; 0         ; 0         ; 19   ; 0            ; |result                                                                                            ; work         ;
;    |block1:inst|                             ; 4 (1)             ; 3 (0)        ; 0                 ; 0            ; 0       ; 0         ; 0         ; 0    ; 0            ; |result|block1:inst                                                                                ;              ;
;       |lpm_counter5:inst|                    ; 3 (0)             ; 3 (0)        ; 0                 ; 0            ; 0       ; 0         ; 0         ; 0    ; 0            ; |result|block1:inst|lpm_counter5:inst                                                              ; work         ;
;          |lpm_counter:lpm_counter_component| ; 3 (0)             ; 3 (0)        ; 0                 ; 0            ; 0       ; 0         ; 0         ; 0    ; 0            ; |result|block1:inst|lpm_counter5:inst|lpm_counter:lpm_counter_component                            ; work         ;
;             |cntr_d4i:auto_generated|        ; 3 (3)             ; 3 (3)        ; 0                 ; 0            ; 0       ; 0         ; 0         ; 0    ; 0            ; |result|block1:inst|lpm_counter5:inst|lpm_counter:lpm_counter_component|cntr_d4i:auto_generated    ; work         ;
;    |block2:inst3|                            ; 9 (3)             ; 6 (0)        ; 0                 ; 0            ; 0       ; 0         ; 0         ; 0    ; 0            ; |result|block2:inst3                                                                               ; work         ;
;       |lpm_counter8:inst14|                  ; 3 (0)             ; 3 (0)        ; 0                 ; 0            ; 0       ; 0         ; 0         ; 0    ; 0            ; |result|block2:inst3|lpm_counter8:inst14                                                           ; work         ;
;          |lpm_counter:lpm_counter_component| ; 3 (0)             ; 3 (0)        ; 0                 ; 0            ; 0       ; 0         ; 0         ; 0    ; 0            ; |result|block2:inst3|lpm_counter8:inst14|lpm_counter:lpm_counter_component                         ; work         ;
;             |cntr_cvi:auto_generated|        ; 3 (3)             ; 3 (3)        ; 0                 ; 0            ; 0       ; 0         ; 0         ; 0    ; 0            ; |result|block2:inst3|lpm_counter8:inst14|lpm_counter:lpm_counter_component|cntr_cvi:auto_generated ; work         ;
;       |lpm_counter9:inst15|                  ; 3 (0)             ; 3 (0)        ; 0                 ; 0            ; 0       ; 0         ; 0         ; 0    ; 0            ; |result|block2:inst3|lpm_counter9:inst15                                                           ; work         ;
;          |lpm_counter:lpm_counter_component| ; 3 (0)             ; 3 (0)        ; 0                 ; 0            ; 0       ; 0         ; 0         ; 0    ; 0            ; |result|block2:inst3|lpm_counter9:inst15|lpm_counter:lpm_counter_component                         ; work         ;
;             |cntr_poi:auto_generated|        ; 3 (3)             ; 3 (3)        ; 0                 ; 0            ; 0       ; 0         ; 0         ; 0    ; 0            ; |result|block2:inst3|lpm_counter9:inst15|lpm_counter:lpm_counter_component|cntr_poi:auto_generated ; work         ;
;    |block3t:inst4|                           ; 20 (16)           ; 4 (0)        ; 0                 ; 0            ; 0       ; 0         ; 0         ; 0    ; 0            ; |result|block3t:inst4                                                                              ; work         ;
;       |lpm_counter0:inst2|                   ; 4 (0)             ; 4 (0)        ; 0                 ; 0            ; 0       ; 0         ; 0         ; 0    ; 0            ; |result|block3t:inst4|lpm_counter0:inst2                                                           ; work         ;
;          |lpm_counter:lpm_counter_component| ; 4 (0)             ; 4 (0)        ; 0                 ; 0            ; 0       ; 0         ; 0         ; 0    ; 0            ; |result|block3t:inst4|lpm_counter0:inst2|lpm_counter:lpm_counter_component                         ;              ;
;             |cntr_dsh:auto_generated|        ; 4 (4)             ; 4 (4)        ; 0                 ; 0            ; 0       ; 0         ; 0         ; 0    ; 0            ; |result|block3t:inst4|lpm_counter0:inst2|lpm_counter:lpm_counter_component|cntr_dsh:auto_generated ; work         ;
+----------------------------------------------+-------------------+--------------+-------------------+--------------+---------+-----------+-----------+------+--------------+----------------------------------------------------------------------------------------------------+--------------+
Note: For table entries with two numbers listed, the numbers in parentheses indicate the number of resources of the given type used by the specific entity alone. The numbers listed outside of parentheses indicate the total resources of the given type used by the specific entity and all of its sub-entities in the hierarchy.


+------------------------------------------------------+
; General Register Statistics                          ;
+----------------------------------------------+-------+
; Statistic                                    ; Value ;
+----------------------------------------------+-------+
; Total registers                              ; 13    ;
; Number of registers using Synchronous Clear  ; 9     ;
; Number of registers using Synchronous Load   ; 0     ;
; Number of registers using Asynchronous Clear ; 0     ;
; Number of registers using Asynchronous Load  ; 0     ;
; Number of registers using Clock Enable       ; 6     ;
; Number of registers using Preset             ; 0     ;
+----------------------------------------------+-------+


+----------------------------------------------------------------------------------------+
; Source assignments for block1:inst|lpm_counter5:inst|lpm_counter:lpm_counter_component ;
+---------------------------+-------+------+---------------------------------------------+
; Assignment                ; Value ; From ; To                                          ;
+---------------------------+-------+------+---------------------------------------------+
; SUPPRESS_DA_RULE_INTERNAL ; a101  ; -    ; -                                           ;
; SUPPRESS_DA_RULE_INTERNAL ; s102  ; -    ; -                                           ;
; SUPPRESS_DA_RULE_INTERNAL ; s103  ; -    ; -                                           ;
+---------------------------+-------+------+---------------------------------------------+


+-------------------------------------------------------------------------------------------+
; Source assignments for block2:inst3|lpm_counter8:inst14|lpm_counter:lpm_counter_component ;
+---------------------------+-------+------+------------------------------------------------+
; Assignment                ; Value ; From ; To                                             ;
+---------------------------+-------+------+------------------------------------------------+
; SUPPRESS_DA_RULE_INTERNAL ; a101  ; -    ; -                                              ;
; SUPPRESS_DA_RULE_INTERNAL ; s102  ; -    ; -                                              ;
; SUPPRESS_DA_RULE_INTERNAL ; s103  ; -    ; -                                              ;
+---------------------------+-------+------+------------------------------------------------+


+-------------------------------------------------------------------------------------------+
; Source assignments for block2:inst3|lpm_counter9:inst15|lpm_counter:lpm_counter_component ;
+---------------------------+-------+------+------------------------------------------------+
; Assignment                ; Value ; From ; To                                             ;
+---------------------------+-------+------+------------------------------------------------+
; SUPPRESS_DA_RULE_INTERNAL ; a101  ; -    ; -                                              ;
; SUPPRESS_DA_RULE_INTERNAL ; s102  ; -    ; -                                              ;
; SUPPRESS_DA_RULE_INTERNAL ; s103  ; -    ; -                                              ;
+---------------------------+-------+------+------------------------------------------------+


+-------------------------------------------------------------------------------------------+
; Source assignments for block3t:inst4|lpm_counter0:inst2|lpm_counter:lpm_counter_component ;
+---------------------------+-------+------+------------------------------------------------+
; Assignment                ; Value ; From ; To                                             ;
+---------------------------+-------+------+------------------------------------------------+
; SUPPRESS_DA_RULE_INTERNAL ; a101  ; -    ; -                                              ;
; SUPPRESS_DA_RULE_INTERNAL ; s102  ; -    ; -                                              ;
; SUPPRESS_DA_RULE_INTERNAL ; s103  ; -    ; -                                              ;
+---------------------------+-------+------+------------------------------------------------+


+--------------------------------------------------------------------------------------------------------------+
; Parameter Settings for User Entity Instance: block1:inst|lpm_counter5:inst|lpm_counter:lpm_counter_component ;
+------------------------+-------------+-----------------------------------------------------------------------+
; Parameter Name         ; Value       ; Type                                                                  ;
+------------------------+-------------+-----------------------------------------------------------------------+
; AUTO_CARRY_CHAINS      ; ON          ; AUTO_CARRY                                                            ;
; IGNORE_CARRY_BUFFERS   ; OFF         ; IGNORE_CARRY                                                          ;
; AUTO_CASCADE_CHAINS    ; ON          ; AUTO_CASCADE                                                          ;
; IGNORE_CASCADE_BUFFERS ; OFF         ; IGNORE_CASCADE                                                        ;
; LPM_WIDTH              ; 3           ; Signed Integer                                                        ;
; LPM_DIRECTION          ; UP          ; Untyped                                                               ;
; LPM_MODULUS            ; 0           ; Untyped                                                               ;
; LPM_AVALUE             ; UNUSED      ; Untyped                                                               ;
; LPM_SVALUE             ; UNUSED      ; Untyped                                                               ;
; LPM_PORT_UPDOWN        ; PORT_UNUSED ; Untyped                                                               ;
; DEVICE_FAMILY          ; Stratix II  ; Untyped                                                               ;
; CARRY_CHAIN            ; MANUAL      ; Untyped                                                               ;
; CARRY_CHAIN_LENGTH     ; 48          ; CARRY_CHAIN_LENGTH                                                    ;
; NOT_GATE_PUSH_BACK     ; ON          ; NOT_GATE_PUSH_BACK                                                    ;
; CARRY_CNT_EN           ; SMART       ; Untyped                                                               ;
; LABWIDE_SCLR           ; ON          ; Untyped                                                               ;
; USE_NEW_VERSION        ; TRUE        ; Untyped                                                               ;
; CBXI_PARAMETER         ; cntr_d4i    ; Untyped                                                               ;
+------------------------+-------------+-----------------------------------------------------------------------+
Note: In order to hide this table in the UI and the text report file, please set the "Show Parameter Settings Tables in Synthesis Report" option in "Analysis and Synthesis Settings -> More Settings" to "Off".


+-----------------------------------------------------------------------------------------------------------------+
; Parameter Settings for User Entity Instance: block2:inst3|lpm_counter8:inst14|lpm_counter:lpm_counter_component ;
+------------------------+-------------+--------------------------------------------------------------------------+
; Parameter Name         ; Value       ; Type                                                                     ;
+------------------------+-------------+--------------------------------------------------------------------------+
; AUTO_CARRY_CHAINS      ; ON          ; AUTO_CARRY                                                               ;
; IGNORE_CARRY_BUFFERS   ; OFF         ; IGNORE_CARRY                                                             ;
; AUTO_CASCADE_CHAINS    ; ON          ; AUTO_CASCADE                                                             ;
; IGNORE_CASCADE_BUFFERS ; OFF         ; IGNORE_CASCADE                                                           ;
; LPM_WIDTH              ; 3           ; Signed Integer                                                           ;
; LPM_DIRECTION          ; DOWN        ; Untyped                                                                  ;
; LPM_MODULUS            ; 0           ; Untyped                                                                  ;
; LPM_AVALUE             ; UNUSED      ; Untyped                                                                  ;
; LPM_SVALUE             ; UNUSED      ; Untyped                                                                  ;
; LPM_PORT_UPDOWN        ; PORT_UNUSED ; Untyped                                                                  ;
; DEVICE_FAMILY          ; Stratix II  ; Untyped                                                                  ;
; CARRY_CHAIN            ; MANUAL      ; Untyped                                                                  ;
; CARRY_CHAIN_LENGTH     ; 48          ; CARRY_CHAIN_LENGTH                                                       ;
; NOT_GATE_PUSH_BACK     ; ON          ; NOT_GATE_PUSH_BACK                                                       ;
; CARRY_CNT_EN           ; SMART       ; Untyped                                                                  ;
; LABWIDE_SCLR           ; ON          ; Untyped                                                                  ;
; USE_NEW_VERSION        ; TRUE        ; Untyped                                                                  ;
; CBXI_PARAMETER         ; cntr_cvi    ; Untyped                                                                  ;
+------------------------+-------------+--------------------------------------------------------------------------+
Note: In order to hide this table in the UI and the text report file, please set the "Show Parameter Settings Tables in Synthesis Report" option in "Analysis and Synthesis Settings -> More Settings" to "Off".


+-----------------------------------------------------------------------------------------------------------------+
; Parameter Settings for User Entity Instance: block2:inst3|lpm_counter9:inst15|lpm_counter:lpm_counter_component ;
+------------------------+-------------+--------------------------------------------------------------------------+
; Parameter Name         ; Value       ; Type                                                                     ;
+------------------------+-------------+--------------------------------------------------------------------------+
; AUTO_CARRY_CHAINS      ; ON          ; AUTO_CARRY                                                               ;
; IGNORE_CARRY_BUFFERS   ; OFF         ; IGNORE_CARRY                                                             ;
; AUTO_CASCADE_CHAINS    ; ON          ; AUTO_CASCADE                                                             ;
; IGNORE_CASCADE_BUFFERS ; OFF         ; IGNORE_CASCADE                                                           ;
; LPM_WIDTH              ; 3           ; Signed Integer                                                           ;
; LPM_DIRECTION          ; UP          ; Untyped                                                                  ;
; LPM_MODULUS            ; 0           ; Untyped                                                                  ;
; LPM_AVALUE             ; UNUSED      ; Untyped                                                                  ;
; LPM_SVALUE             ; UNUSED      ; Untyped                                                                  ;
; LPM_PORT_UPDOWN        ; PORT_UNUSED ; Untyped                                                                  ;
; DEVICE_FAMILY          ; Stratix II  ; Untyped                                                                  ;
; CARRY_CHAIN            ; MANUAL      ; Untyped                                                                  ;
; CARRY_CHAIN_LENGTH     ; 48          ; CARRY_CHAIN_LENGTH                                                       ;
; NOT_GATE_PUSH_BACK     ; ON          ; NOT_GATE_PUSH_BACK                                                       ;
; CARRY_CNT_EN           ; SMART       ; Untyped                                                                  ;
; LABWIDE_SCLR           ; ON          ; Untyped                                                                  ;
; USE_NEW_VERSION        ; TRUE        ; Untyped                                                                  ;
; CBXI_PARAMETER         ; cntr_poi    ; Untyped                                                                  ;
+------------------------+-------------+--------------------------------------------------------------------------+
Note: In order to hide this table in the UI and the text report file, please set the "Show Parameter Settings Tables in Synthesis Report" option in "Analysis and Synthesis Settings -> More Settings" to "Off".


+--------------------------------------------------------------------------------------------------------------+
; Parameter Settings for User Entity Instance: block3t:inst4|lpm_decode0:inst3|lpm_decode:lpm_decode_component ;
+------------------------+------------+------------------------------------------------------------------------+
; Parameter Name         ; Value      ; Type                                                                   ;
+------------------------+------------+------------------------------------------------------------------------+
; LPM_WIDTH              ; 4          ; Signed Integer                                                         ;
; LPM_DECODES            ; 16         ; Signed Integer                                                         ;
; LPM_PIPELINE           ; 0          ; Untyped                                                                ;
; CASCADE_CHAIN          ; MANUAL     ; Untyped                                                                ;
; DEVICE_FAMILY          ; Stratix II ; Untyped                                                                ;
; CBXI_PARAMETER         ; decode_e9f ; Untyped                                                                ;
; AUTO_CARRY_CHAINS      ; ON         ; AUTO_CARRY                                                             ;
; IGNORE_CARRY_BUFFERS   ; OFF        ; IGNORE_CARRY                                                           ;
; AUTO_CASCADE_CHAINS    ; ON         ; AUTO_CASCADE                                                           ;
; IGNORE_CASCADE_BUFFERS ; OFF        ; IGNORE_CASCADE                                                         ;
+------------------------+------------+------------------------------------------------------------------------+
Note: In order to hide this table in the UI and the text report file, please set the "Show Parameter Settings Tables in Synthesis Report" option in "Analysis and Synthesis Settings -> More Settings" to "Off".


+-----------------------------------------------------------------------------------------------------------------+
; Parameter Settings for User Entity Instance: block3t:inst4|lpm_counter0:inst2|lpm_counter:lpm_counter_component ;
+------------------------+-------------+--------------------------------------------------------------------------+
; Parameter Name         ; Value       ; Type                                                                     ;
+------------------------+-------------+--------------------------------------------------------------------------+
; AUTO_CARRY_CHAINS      ; ON          ; AUTO_CARRY                                                               ;
; IGNORE_CARRY_BUFFERS   ; OFF         ; IGNORE_CARRY                                                             ;
; AUTO_CASCADE_CHAINS    ; ON          ; AUTO_CASCADE                                                             ;
; IGNORE_CASCADE_BUFFERS ; OFF         ; IGNORE_CASCADE                                                           ;
; LPM_WIDTH              ; 4           ; Signed Integer                                                           ;
; LPM_DIRECTION          ; DOWN        ; Untyped                                                                  ;
; LPM_MODULUS            ; 0           ; Untyped                                                                  ;
; LPM_AVALUE             ; UNUSED      ; Untyped                                                                  ;
; LPM_SVALUE             ; UNUSED      ; Untyped                                                                  ;
; LPM_PORT_UPDOWN        ; PORT_UNUSED ; Untyped                                                                  ;
; DEVICE_FAMILY          ; Stratix II  ; Untyped                                                                  ;
; CARRY_CHAIN            ; MANUAL      ; Untyped                                                                  ;
; CARRY_CHAIN_LENGTH     ; 48          ; CARRY_CHAIN_LENGTH                                                       ;
; NOT_GATE_PUSH_BACK     ; ON          ; NOT_GATE_PUSH_BACK                                                       ;
; CARRY_CNT_EN           ; SMART       ; Untyped                                                                  ;
; LABWIDE_SCLR           ; ON          ; Untyped                                                                  ;
; USE_NEW_VERSION        ; TRUE        ; Untyped                                                                  ;
; CBXI_PARAMETER         ; cntr_dsh    ; Untyped                                                                  ;
+------------------------+-------------+--------------------------------------------------------------------------+
Note: In order to hide this table in the UI and the text report file, please set the "Show Parameter Settings Tables in Synthesis Report" option in "Analysis and Synthesis Settings -> More Settings" to "Off".


+-------------------------------+
; Analysis & Synthesis Messages ;
+-------------------------------+
Info: *******************************************************************
Info: Running Quartus II Analysis & Synthesis
    Info: Version 9.1 Build 350 03/24/2010 Service Pack 2 SJ Web Edition
    Info: Processing started: Tue Sep 29 15:00:46 2020
Info: Command: quartus_map --read_settings_files=on --write_settings_files=off lab_2 -c lab_2
Info: Found 1 design units, including 1 entities, in source file block1.bdf
    Info: Found entity 1: block1
Info: Found 2 design units, including 1 entities, in source file lpm_counter0.vhd
    Info: Found design unit 1: lpm_counter0-SYN
    Info: Found entity 1: lpm_counter0
Info: Found 2 design units, including 1 entities, in source file lpm_counter3.vhd
    Info: Found design unit 1: lpm_counter3-SYN
    Info: Found entity 1: lpm_counter3
Info: Found 2 design units, including 1 entities, in source file lpm_counter4.vhd
    Info: Found design unit 1: lpm_counter4-SYN
    Info: Found entity 1: lpm_counter4
Info: Found 2 design units, including 1 entities, in source file lpm_counter5.vhd
    Info: Found design unit 1: lpm_counter5-SYN
    Info: Found entity 1: lpm_counter5
Info: Found 1 design units, including 1 entities, in source file block2.bdf
    Info: Found entity 1: block2
Info: Found 2 design units, including 1 entities, in source file lpm_counter6.vhd
    Info: Found design unit 1: lpm_counter6-SYN
    Info: Found entity 1: lpm_counter6
Info: Found 2 design units, including 1 entities, in source file lpm_counter7.vhd
    Info: Found design unit 1: lpm_counter7-SYN
    Info: Found entity 1: lpm_counter7
Info: Found 2 design units, including 1 entities, in source file lpm_counter8.vhd
    Info: Found design unit 1: lpm_counter8-SYN
    Info: Found entity 1: lpm_counter8
Info: Found 2 design units, including 1 entities, in source file lpm_counter9.vhd
    Info: Found design unit 1: lpm_counter9-SYN
    Info: Found entity 1: lpm_counter9
Info: Found 1 design units, including 1 entities, in source file result.bdf
    Info: Found entity 1: result
Info: Found 2 design units, including 1 entities, in source file lpm_decode0.vhd
    Info: Found design unit 1: lpm_decode0-SYN
    Info: Found entity 1: lpm_decode0
Info: Found 1 design units, including 1 entities, in source file block3t.bdf
    Info: Found entity 1: block3t
Info: Elaborating entity "result" for the top level hierarchy
Info: Elaborating entity "block1" for hierarchy "block1:inst"
Info: Elaborating entity "lpm_counter5" for hierarchy "block1:inst|lpm_counter5:inst"
Info: Elaborating entity "lpm_counter" for hierarchy "block1:inst|lpm_counter5:inst|lpm_counter:lpm_counter_component"
Info: Elaborated megafunction instantiation "block1:inst|lpm_counter5:inst|lpm_counter:lpm_counter_component"
Info: Instantiated megafunction "block1:inst|lpm_counter5:inst|lpm_counter:lpm_counter_component" with the following parameter:
    Info: Parameter "lpm_direction" = "UP"
    Info: Parameter "lpm_port_updown" = "PORT_UNUSED"
    Info: Parameter "lpm_type" = "LPM_COUNTER"
    Info: Parameter "lpm_width" = "3"
Info: Found 1 design units, including 1 entities, in source file db/cntr_d4i.tdf
    Info: Found entity 1: cntr_d4i
Info: Elaborating entity "cntr_d4i" for hierarchy "block1:inst|lpm_counter5:inst|lpm_counter:lpm_counter_component|cntr_d4i:auto_generated"
Info: Elaborating entity "block2" for hierarchy "block2:inst3"
Info: Elaborating entity "lpm_counter8" for hierarchy "block2:inst3|lpm_counter8:inst14"
Info: Elaborating entity "lpm_counter" for hierarchy "block2:inst3|lpm_counter8:inst14|lpm_counter:lpm_counter_component"
Info: Elaborated megafunction instantiation "block2:inst3|lpm_counter8:inst14|lpm_counter:lpm_counter_component"
Info: Instantiated megafunction "block2:inst3|lpm_counter8:inst14|lpm_counter:lpm_counter_component" with the following parameter:
    Info: Parameter "lpm_direction" = "DOWN"
    Info: Parameter "lpm_port_updown" = "PORT_UNUSED"
    Info: Parameter "lpm_type" = "LPM_COUNTER"
    Info: Parameter "lpm_width" = "3"
Info: Found 1 design units, including 1 entities, in source file db/cntr_cvi.tdf
    Info: Found entity 1: cntr_cvi
Info: Elaborating entity "cntr_cvi" for hierarchy "block2:inst3|lpm_counter8:inst14|lpm_counter:lpm_counter_component|cntr_cvi:auto_generated"
Info: Elaborating entity "lpm_counter9" for hierarchy "block2:inst3|lpm_counter9:inst15"
Info: Elaborating entity "lpm_counter" for hierarchy "block2:inst3|lpm_counter9:inst15|lpm_counter:lpm_counter_component"
Info: Elaborated megafunction instantiation "block2:inst3|lpm_counter9:inst15|lpm_counter:lpm_counter_component"
Info: Instantiated megafunction "block2:inst3|lpm_counter9:inst15|lpm_counter:lpm_counter_component" with the following parameter:
    Info: Parameter "lpm_direction" = "UP"
    Info: Parameter "lpm_port_updown" = "PORT_UNUSED"
    Info: Parameter "lpm_type" = "LPM_COUNTER"
    Info: Parameter "lpm_width" = "3"
Info: Found 1 design units, including 1 entities, in source file db/cntr_poi.tdf
    Info: Found entity 1: cntr_poi
Info: Elaborating entity "cntr_poi" for hierarchy "block2:inst3|lpm_counter9:inst15|lpm_counter:lpm_counter_component|cntr_poi:auto_generated"
Info: Elaborating entity "block3t" for hierarchy "block3t:inst4"
Info: Elaborating entity "lpm_decode0" for hierarchy "block3t:inst4|lpm_decode0:inst3"
Info: Elaborating entity "lpm_decode" for hierarchy "block3t:inst4|lpm_decode0:inst3|lpm_decode:lpm_decode_component"
Info: Elaborated megafunction instantiation "block3t:inst4|lpm_decode0:inst3|lpm_decode:lpm_decode_component"
Info: Instantiated megafunction "block3t:inst4|lpm_decode0:inst3|lpm_decode:lpm_decode_component" with the following parameter:
    Info: Parameter "lpm_decodes" = "16"
    Info: Parameter "lpm_type" = "LPM_DECODE"
    Info: Parameter "lpm_width" = "4"
Info: Found 1 design units, including 1 entities, in source file db/decode_e9f.tdf
    Info: Found entity 1: decode_e9f
Info: Elaborating entity "decode_e9f" for hierarchy "block3t:inst4|lpm_decode0:inst3|lpm_decode:lpm_decode_component|decode_e9f:auto_generated"
Info: Elaborating entity "lpm_counter0" for hierarchy "block3t:inst4|lpm_counter0:inst2"
Info: Elaborating entity "lpm_counter" for hierarchy "block3t:inst4|lpm_counter0:inst2|lpm_counter:lpm_counter_component"
Info: Elaborated megafunction instantiation "block3t:inst4|lpm_counter0:inst2|lpm_counter:lpm_counter_component"
Info: Instantiated megafunction "block3t:inst4|lpm_counter0:inst2|lpm_counter:lpm_counter_component" with the following parameter:
    Info: Parameter "lpm_direction" = "DOWN"
    Info: Parameter "lpm_port_updown" = "PORT_UNUSED"
    Info: Parameter "lpm_type" = "LPM_COUNTER"
    Info: Parameter "lpm_width" = "4"
Info: Found 1 design units, including 1 entities, in source file db/cntr_dsh.tdf
    Info: Found entity 1: cntr_dsh
Info: Elaborating entity "cntr_dsh" for hierarchy "block3t:inst4|lpm_counter0:inst2|lpm_counter:lpm_counter_component|cntr_dsh:auto_generated"
Info: Implemented 52 device resources after synthesis - the final resource count might be different
    Info: Implemented 1 input pins
    Info: Implemented 18 output pins
    Info: Implemented 33 logic cells
Info: Quartus II Analysis & Synthesis was successful. 0 errors, 0 warnings
    Info: Peak virtual memory: 254 megabytes
    Info: Processing ended: Tue Sep 29 15:00:48 2020
    Info: Elapsed time: 00:00:02
    Info: Total CPU time (on all processors): 00:00:02


